Id	ParentId	Pass	File	Line #	Expression	Inc (ms)	Inc (%)	Exc (ms)	Exc (%)	#	Kind	Bug
269549369		Total evaluation				462	100%	7	1.5%	1	Element	
367675502		Total evaluation for globbing				9	2%	9	2%	3	Glob	
269572587	269549369	Initial properties (pass 0)				3	0.7%	3	0.7%	1	Element	
269595806	269549369	Properties (pass 1)				251	54.3%	0	0%	1	Element	
315141176	269549369	Item definition groups (pass 2)				2	0.3%	0	0%	1	Element	
315417386	269549369	Items (pass 3)				25	5.5%	1	0.3%	1	Element	
322438137	269549369	Lazy items (pass 3.1)				85	18.4%	15	3.2%	1	Element	
326258412	269549369	Using tasks (pass 4)				1	0.3%	1	0.3%	1	Element	
326283956	269549369	Targets (pass 5)				88	19%	33	7.2%	1	Element	
284494094	284136419	Properties (pass 1)	Microsoft.Common.targets	114	<Import Project="$(CommonTargetsPath)"  />	77	16.8%	25	5.4%	1	Element	
286477296	284517947	Properties (pass 1)	Microsoft.Common.CurrentVersion.targets	93	<TargetPlatformSdkPath Condition="'$(TargetPlatformSdkPath)' == ''" >$([Microsoft.Build.Utilities.ToolLocationHelper]::GetPlatformSDKLocation($(TargetPlatformIdentifier), $(TargetPlatformVersion)))</TargetPlatformSdkPath>	21	4.5%	21	4.5%	1	Element	
336192701	326283956	Targets (pass 5)	Microsoft.Common.CurrentVersion.targets	4572	<ItemGroup ><_TransitiveItemsToCopyToOutputDirectoryAlways KeepDuplicates=" '$(_GCTODIKeepDuplicates)' != 'false' " KeepMetadata="$(_GCTODIKeepMetadata)" Include="@(_TransitiveItemsToCopyToOutputDirectory-&gt;'%(FullPath)')" Condition="'%(_TransitiveItemsToCopyToOutputDirectory.CopyToOutputDirectory)'=='Always'" /><_TransitiveItemsToCopyToOutputDirectoryPreserveNewest KeepDuplicates=" '$(_GCTODIKeepDuplicates)' != 'false' " KeepMetadata="$(_GCTODIKeepMetadata)" Include="@(_TransitiveItemsToCopyToOutputDirectory-&gt;'%(FullPath)')" Condition="'%(_TransitiveItemsToCopyToOutputDirectory.CopyToOutputDirectory)'=='PreserveNewest'" /><_ThisProjectItemsToCopyToOutputDirectoryAlways KeepDuplicates=" '$(_GCTODIKeepDuplicates)' != 'false' " KeepMetadata="$(_GCTODIKeepMetadata)" Include="@(_ThisProjectItemsToCopyToOutputDirectory-&gt;'%(FullPath)')" Condition="'%(_ThisProjectItemsToCopyToOutputDirectory.CopyToOutputDirectory)'=='Always'" /><_ThisProjectItemsToCopyToOutputDirectoryPreserveNewest KeepDuplicates=" '$(_GCTODIKeepDuplicates)' != 'false' " KeepMetadata="$(_GCTODIKeepMetadata)" Include="@(_ThisProjectItemsToCopyToOutputDirectory-&gt;'%(FullPath)')" Condition="'%(_ThisProjectItemsToCopyToOutputDirectory.CopyToOutputDirectory)'=='PreserveNewest'" /><!----><_SourceItemsToCopyToOutputDirectoryAlways Include="@(_TransitiveItemsToCopyToOutputDirectoryAlways);@(_ThisProjectItemsToCopyToOutputDirectoryAlways)" /><_SourceItemsToCopyToOutputDirectory Include="@(_TransitiveItemsToCopyToOutputDirectoryPreserveNewest);@(_ThisProjectItemsToCopyToOutputDirectoryPreserveNewest)" /><AllItemsFullPathWithTargetPath Include="@(_SourceItemsToCopyToOutputDirectoryAlways-&gt;'%(FullPath)');@(_SourceItemsToCopyToOutputDirectory-&gt;'%(FullPath)')" /><!----><_TransitiveItemsToCopyToOutputDirectoryAlways Remove="@(_TransitiveItemsToCopyToOutputDirectoryAlways)" /><_TransitiveItemsToCopyToOutputDirectoryPreserveNewest Remove="@(_TransitiveItemsToCopyToOutputDirectoryPreserveNewest)" /><_TransitiveItemsToCopyToOutputDirectory Remove="@(_TransitiveItemsToCopyToOutputDirectory)" /><_ThisProjectItemsToCopyToOutputDirectoryAlways Remove="@(_ThisProjectItemsToCopyToOutputDirectoryAlways)" /><_ThisProjectItemsToCopyToOutputDirectoryPreserveNewest Remove="@(_ThisProjectItemsToCopyToOutputDirectoryPreserveNewest)" /><_ThisProjectItemsToCopyToOutputDirectory Remove="@(_ThisProjectItemsToCopyToOutputDirectory)" /></ItemGroup>	15	3.3%	15	3.3%	1	Element	
16672419	16666646	Properties (pass 1)	AJSuperMarketConAppXUnitTest.csproj	0	<Import Project="Sdk.props" Sdk="Microsoft.NET.Sdk" />	48	10.5%	13	2.8%	0	Element	
270781301	269851281	Properties (pass 1)	Microsoft.Common.props	62	<Import Project="$(MSBuildProjectExtensionsPath)$(MSBuildProjectFile).*.props" Condition="'$(ImportProjectExtensionProps)' == 'true' and exists('$(MSBuildProjectExtensionsPath)')"  />	16	3.5%	12	2.7%	1	Element	
32370803	325951962	Lazy items (pass 3.1)	Microsoft.NET.Sdk.DefaultItems.targets	229	Condition="'%(LinkBase)' != ''")	11	2.3%	11	2.3%	1	Condition	
311037486	304093346	Properties (pass 1)	Microsoft.NET.Sdk.targets	899	<Import Project="$(MSBuildThisFileDirectory)Microsoft.NET.Publish.targets"  />	11	2.4%	11	2.3%	1	Element	
269642247	269595806	Properties (pass 1)	AJSuperMarketConApp.csproj	0	<Import Project="Sdk.props" Sdk="Microsoft.NET.Sdk" />	25	5.3%	10	2.2%	0	Element	
323073287	322438137	Lazy items (pass 3.1)	Microsoft.NET.Sdk.DefaultItems.targets	198	<Compile Update="@(Compile)" ><!----><LinkBase Condition="'%(LinkBase)' != ''">$([MSBuild]::EnsureTrailingSlash(%(LinkBase)))</LinkBase><!----><Link Condition="'%(Link)' == '' And '%(DefiningProjectExtension)' != '.projitems' And !$([MSBuild]::ValueOrDefault('%(FullPath)', '').StartsWith($([MSBuild]::EnsureTrailingSlash($(MSBuildProjectDirectory)))))">%(LinkBase)%(RecursiveDir)%(Filename)%(Extension)</Link></Compile>	10	2.2%	10	2.1%	1	Element	
325951962	322438137	Lazy items (pass 3.1)	Microsoft.NET.Sdk.DefaultItems.targets	228	<Content Update="@(Content)" ><LinkBase Condition="'%(LinkBase)' != ''">$([MSBuild]::EnsureTrailingSlash(%(LinkBase)))</LinkBase><Link Condition="'%(Link)' == '' And '%(DefiningProjectExtension)' != '.projitems' And !$([MSBuild]::ValueOrDefault('%(FullPath)', '').StartsWith($([MSBuild]::EnsureTrailingSlash($(MSBuildProjectDirectory)))))">%(LinkBase)%(RecursiveDir)%(Filename)%(Extension)</Link></Content>	19	4.2%	8	1.8%	1	Element	
295328969	284517947	Properties (pass 1)	Microsoft.Common.CurrentVersion.targets	2241	<PropertyGroup ><SDKReferenceRegistryRoot Condition="'$(SDKReferenceRegistryRoot)' == ''">Software\Microsoft\Microsoft SDKs</SDKReferenceRegistryRoot><SDKReferenceDirectoryRoot Condition="'$(SDKReferenceDirectoryRoot)' == ''">$(LocalAppData)\Microsoft SDKs;$(MSBuildProgramFiles32)\Microsoft SDKs</SDKReferenceDirectoryRoot><!----><SDKExtensionDirectoryRoot Condition="'$(SDKExtensionDirectoryRoot)' == '' and '$(SDKIdentifier)' != ''">$(MSBuildProgramFiles32)\Microsoft SDKs\Windows Kits\10;$(MSBuildProgramFiles32)\Windows Kits\10</SDKExtensionDirectoryRoot><!----><SupportWindows81SDKs Condition="'$(SupportWindows81SDKs)' == '' and '$(Support81SDKs)' != 'false' and '$(TargetPlatformIdentifier)' == 'UAP'">true</SupportWindows81SDKs><TargetPlatformIdentifierWindows81 Condition="'$(TargetPlatformIdentifierWindows81)' == '' and '$(SupportWindows81SDKs)' == 'true'">Windows</TargetPlatformIdentifierWindows81><TargetPlatformVersionWindows81 Condition="'$(TargetPlatformVersionWindows81)' == '' and '$(SupportWindows81SDKs)' == 'true'">8.1</TargetPlatformVersionWindows81><!----><SupportWindowsPhone81SDKs Condition="'$(SupportWindowsPhone81SDKs)' == '' and '$(Support81SDKs)' != 'false' and '$(TargetPlatformIdentifier)' == 'UAP'">false</SupportWindowsPhone81SDKs><TargetPlatformIdentifierWindowsPhone81 Condition="'$(TargetPlatformIdentifierWindowsPhone81)' == '' and '$(SupportWindowsPhone81SDKs)' == 'true'">WindowsPhoneApp</TargetPlatformIdentifierWindowsPhone81><TargetPlatformVersionWindowsPhone81 Condition="'$(TargetPlatformVersionWindowsPhone81)' == '' and '$(SupportWindowsPhone81SDKs)' == 'true'">8.1</TargetPlatformVersionWindowsPhone81></PropertyGroup>	8	1.8%	8	1.8%	1	Element	
317102369	315417386	Items (pass 3)	Microsoft.NET.SupportedTargetFrameworks.props	43	<SupportedNETFrameworkTargetFramework Include=".NETFramework,Version=v3.0" DisplayName=".NET Framework 3.0" />	7	1.4%	7	1.4%	1	Element	
353125241	326283956	Targets (pass 5)	Microsoft.NET.Publish.targets	483	<Target Name="_ResolveCopyLocalAssetsForPublish" DependsOnTargets="ResolveLockFileCopyLocalFiles;&#xD;&#xA;                            _ComputeUseBuildDependencyFile;&#xD;&#xA;                            _DefaultMicrosoftNETPlatformLibrary;&#xD;&#xA;                            ResolveRuntimePackAssets;&#xD;&#xA;                            _ComputePackageReferencePublish" ><!----><ResolveCopyLocalAssets AssetsFilePath="$(ProjectAssetsFile)" TargetFramework="$(TargetFrameworkMoniker)" RuntimeIdentifier="$(RuntimeIdentifier)" PlatformLibraryName="$(MicrosoftNETPlatformLibrary)" RuntimeFrameworks="@(RuntimeFramework)" ExcludedPackageReferences="@(_ExcludeFromPublishPackageReference)" RuntimeStorePackages="@(RuntimeStorePackages)" PreserveStoreLayout="$(PreserveStoreLayout)" ResolveRuntimeTargets="$(CopyLocalRuntimeTargetAssets)" IsSelfContained="$(SelfContained)" Condition="'$(PreserveStoreLayout)' == 'true' Or '@(RuntimeStorePackages)' != ''"><Output TaskParameter="ResolvedAssets" ItemName="_ResolvedCopyLocalPublishAssets" /></ResolveCopyLocalAssets><ItemGroup><_ResolvedCopyLocalPublishAssets Include="@(RuntimePackAsset)" Condition="'$(SelfContained)' == 'true'" /></ItemGroup><ItemGroup Condition="'$(_UseBuildDependencyFile)' != 'true'"><!----><_ResolvedCopyLocalPublishAssets Remove="@(_NativeRestoredAppHostNETCore)" /></ItemGroup><ItemGroup Condition="'$(PreserveStoreLayout)' != 'true' And '@(RuntimeStorePackages)' == ''"><_ResolvedCopyLocalPublishAssets Include="@(_ResolvedCopyLocalBuildAssets)" Condition="'%(_ResolvedCopyLocalBuildAssets.CopyToPublishDirectory)' != 'false' " /></ItemGroup></Target>	6	1.3%	6	1.3%	3	Element	
324625676	322438137	Lazy items (pass 3.1)	Microsoft.NET.Sdk.targets	889	<ProjectCapability Remove="ReferenceManagerAssemblies"  />	5	1.1%	5	1.1%	1	Element	
32346671	322438137	Lazy items (pass 3.1)	Microsoft.TestPlatform.TestHost.props	16	<Content Include="$(MSBuildThisFileDirectory)x64\testhost.exe" ><Link>testhost.exe</Link><CopyToPublishDirectory>PreserveNewest</CopyToPublishDirectory><Visible>False</Visible></Content>	5	1.1%	5	1.1%	0	Element	
323047869	322438137	Lazy items (pass 3.1)	Microsoft.NET.Sdk.DefaultItems.props	33	Glob="root: '$D:\RK\github\raj-aspire\AJSuperMarketConApp\AJSuperMarketConApp', pattern: '$**/*.cs', excludes: '$**/*.sln;bin\Debug\/**;**/*.vssscc;obj\/**;**/*.user;obj\Debug\/**;bin\/**;**/*.*proj;**/.*/**'")	4	0.9%	4	0.9%	0	Glob	
30025394	315417386	Items (pass 3)	Microsoft.TestPlatform.TestHost.props	16	<Content Include="$(MSBuildThisFileDirectory)x64\testhost.exe" ><Link>testhost.exe</Link><CopyToPublishDirectory>PreserveNewest</CopyToPublishDirectory><Visible>False</Visible></Content>	4	0.8%	4	0.8%	0	Element	
32531913	323378381	Lazy items (pass 3.1)	Microsoft.NET.Sdk.DefaultItems.props	37	Glob="root: '$D:\RK\github\raj-aspire\AJSuperMarketConApp\AJSuperMarketConAppXUnitTest', pattern: '$**/*', excludes: '$**/*.resx;**/*.cs;obj\/**;**/*.user;**/.*/**;bin\Debug\/**;**/*.*proj;**/*.sln;obj\Debug\/**;**/*.vssscc;bin\/**'")	4	0.8%	4	0.8%	0	Glob	
269781594	269665469	Properties (pass 1)	Sdk.props	35	Condition="'$(MSBuildProjectFullPath)' == '$(ProjectToOverrideProjectExtensionsPath)'")	4	0.8%	4	0.8%	1	Condition	
304093346	269595806	Properties (pass 1)	Sdk.targets	41	<Import Project="$(MSBuildThisFileDirectory)..\targets\Microsoft.NET.Sdk.targets" Condition="'$(IsCrossTargetingBuild)' != 'true'"  />	52	11.2%	4	0.8%	1	Element	
300430032	284517947	Properties (pass 1)	Microsoft.Common.CurrentVersion.targets	6178	<Import Condition="'$(IsRestoreTargetsFileLoaded)' != 'true' and Exists('$(NuGetRestoreTargets)')" Project="$(NuGetRestoreTargets)"  />	4	0.9%	3	0.7%	1	Element	
344147711	326283956	Targets (pass 5)	Microsoft.PackageDependencyResolution.targets	198	<Target Name="ResolvePackageAssets" Condition=" '$(DesignTimeBuild)' != 'true' Or Exists('$(ProjectAssetsFile)')" DependsOnTargets="ProcessFrameworkReferences;_DefaultMicrosoftNETPlatformLibrary;_ComputePackageReferencePublish" ><PropertyGroup Condition="'$(TargetFrameworkIdentifier)' == '.NETCoreApp'&#xD;&#xA;                          and '$(_TargetFrameworkVersionWithoutV)' &gt;= '3.0'&#xD;&#xA;                          and '$(UseAppHostFromAssetsFile)' == ''"><!----><UseAppHostFromAssetsFile>false</UseAppHostFromAssetsFile></PropertyGroup><PropertyGroup Condition="'$(UseAppHostFromAssetsFile)' == ''"><UseAppHostFromAssetsFile>true</UseAppHostFromAssetsFile></PropertyGroup><PropertyGroup Condition="'$(EnsureRuntimePackageDependencies)' == ''&#xD;&#xA;                          and '$(TargetFrameworkIdentifier)' == '.NETCoreApp'&#xD;&#xA;                          and '$(_TargetFrameworkVersionWithoutV)' &lt; '3.0'&#xD;&#xA;                          and '$(EnsureNETCoreAppRuntime)' != 'false'"><EnsureRuntimePackageDependencies>true</EnsureRuntimePackageDependencies></PropertyGroup><!----><PropertyGroup Condition="'$(CopyLocalRuntimeTargetAssets)' == '' and '$(TargetFrameworkIdentifier)' == '.NETCoreApp'"><CopyLocalRuntimeTargetAssets>true</CopyLocalRuntimeTargetAssets></PropertyGroup><ItemGroup><_PackAsToolShimRuntimeIdentifiers Condition="@(_PackAsToolShimRuntimeIdentifiers) ==''" Include="$(PackAsToolShimRuntimeIdentifiers)" /><!----><ExpectedPlatformPackages Include="@(PackageReference)" Condition="'%(Identity)' == 'Microsoft.NETCore.App'" /><ExpectedPlatformPackages Include="@(PackageReference)" Condition="'%(Identity)' == 'Microsoft.AspNetCore.App'" /><ExpectedPlatformPackages Include="@(PackageReference)" Condition="'%(Identity)' == 'Microsoft.AspNetCore.All'" /></ItemGroup><ResolvePackageAssets ProjectAssetsFile="$(ProjectAssetsFile)" ProjectAssetsCacheFile="$(ProjectAssetsCacheFile)" ProjectPath="$(MSBuildProjectFullPath)" ProjectLanguage="$(Language)" EmitAssetsLogMessages="$(EmitAssetsLogMessages)" TargetFrameworkMoniker="$(NuGetTargetMoniker)" RuntimeIdentifier="$(RuntimeIdentifier)" PlatformLibraryName="$(MicrosoftNETPlatformLibrary)" RuntimeFrameworks="@(RuntimeFramework)" IsSelfContained="$(SelfContained)" MarkPackageReferencesAsExternallyResolved="$(MarkPackageReferencesAsExternallyResolved)" DisablePackageAssetsCache="$(DisablePackageAssetsCache)" DisableFrameworkAssemblies="$(DisableLockFileFrameworks)" CopyLocalRuntimeTargetAssets="$(CopyLocalRuntimeTargetAssets)" DisableTransitiveProjectReferences="$(DisableTransitiveProjectReferences)" DisableTransitiveFrameworkReferences="$(DisableTransitiveFrameworkReferences)" DotNetAppHostExecutableNameWithoutExtension="$(_DotNetAppHostExecutableNameWithoutExtension)" ShimRuntimeIdentifiers="@(_PackAsToolShimRuntimeIdentifiers)" EnsureRuntimePackageDependencies="$(EnsureRuntimePackageDependencies)" VerifyMatchingImplicitPackageVersion="$(VerifyMatchingImplicitPackageVersion)" ExpectedPlatformPackages="@(ExpectedPlatformPackages)" SatelliteResourceLanguages="$(SatelliteResourceLanguages)" DesignTimeBuild="$(DesignTimeBuild)" ContinueOnError="$(ContinueOnError)" PackageReferences="@(PackageReference)"><!----><Output TaskParameter="Analyzers" ItemName="ResolvedAnalyzers" /><Output TaskParameter="ApphostsForShimRuntimeIdentifiers" ItemName="_ApphostsForShimRuntimeIdentifiersResolvePackageAssets" /><Output TaskParameter="ContentFilesToPreprocess" ItemName="_ContentFilesToPreprocess" /><Output TaskParameter="FrameworkAssemblies" ItemName="ResolvedFrameworkAssemblies" /><Output TaskParameter="FrameworkReferences" ItemName="TransitiveFrameworkReference" /><Output TaskParameter="NativeLibraries" ItemName="NativeCopyLocalItems" /><Output TaskParameter="ResourceAssemblies" ItemName="ResourceCopyLocalItems" /><Output TaskParameter="RuntimeAssemblies" ItemName="RuntimeCopyLocalItems" /><Output TaskParameter="RuntimeTargets" ItemName="RuntimeTargetsCopyLocalItems" /><Output TaskParameter="CompileTimeAssemblies" ItemName="ResolvedCompileFileDefinitions" /><Output TaskParameter="TransitiveProjectReferences" ItemName="_TransitiveProjectReferences" /><Output TaskParameter="PackageFolders" ItemName="AssetsFilePackageFolder" /><Output TaskParameter="PackageDependencies" ItemName="PackageDependencies" /></ResolvePackageAssets><ItemGroup Condition="'$(UseAppHostFromAssetsFile)' == 'true'"><_NativeRestoredAppHostNETCore Include="@(NativeCopyLocalItems)" Condition="'%(NativeCopyLocalItems.FileName)%(NativeCopyLocalItems.Extension)' == '$(_DotNetAppHostExecutableName)'" /></ItemGroup><ItemGroup Condition="'@(_ApphostsForShimRuntimeIdentifiers)' == ''"><_ApphostsForShimRuntimeIdentifiers Include="@(_ApphostsForShimRuntimeIdentifiersResolvePackageAssets)" /></ItemGroup></Target>	3	0.7%	3	0.7%	3	Element	
325084469	322438137	Lazy items (pass 3.1)	Microsoft.Managed.Core.targets	60	<_AllDirectoriesAbove Include="@(Compile-&gt;GetPathsOfAllDirectoriesAbove())" Condition="'$(DiscoverEditorConfigFiles)' != 'false'"  />	3	0.7%	3	0.7%	1	Element	
270269592	269851281	Properties (pass 1)	Microsoft.Common.props	28	<_DirectoryBuildPropsBasePath Condition="'$(_DirectoryBuildPropsBasePath)' == ''" >$([MSBuild]::GetDirectoryNameOfFileAbove($(MSBuildProjectDirectory), '$(_DirectoryBuildPropsFile)'))</_DirectoryBuildPropsBasePath>	3	0.7%	3	0.7%	1	Element	
280808969	280643111	Properties (pass 1)	Microsoft.NET.NuGetOfflineCache.targets	19	Condition=" '$(DisableImplicitNuGetFallbackFolder)' != 'true' and Exists($(_NugetFallbackFolder)) ")	3	0.6%	3	0.6%	1	Condition	
306886367	304093346	Properties (pass 1)	Microsoft.NET.Sdk.targets	35	<Import Project="Microsoft.NET.Sdk.FrameworkReferenceResolution.targets"  />	3	0.7%	3	0.6%	1	Element	
278019626	277996047	Properties (pass 1)	Microsoft.NET.TargetFrameworkInference.targets			4	0.8%	3	0.6%	1	Element	
342156777	326283956	Targets (pass 5)	NuGet.targets	1013	<MSBuild Condition=" '$(RestoreUseSkipNonexistentTargets)' == 'true' " BuildInParallel="$(RestoreBuildInParallel)" Projects="$(MSBuildProjectFullPath)" Targets="_GenerateRestoreProjectPathItemsPerFramework" SkipNonexistentTargets="true" SkipNonexistentProjects="true" Properties="TargetFramework=%(_RestoreTargetFrameworkItems.Identity);&#xD;&#xA;                  $(_GenerateRestoreGraphProjectEntryInputProperties)" ><Output TaskParameter="TargetOutputs" ItemName="_RestoreProjectPathItems" /></MSBuild>	3	0.6%	3	0.6%	1	Element	
301386741	284517947	Properties (pass 1)	Microsoft.Common.CurrentVersion.targets	6182	<Import Project="$(MSBuildExtensionsPath)\$(MSBuildToolsVersion)\Microsoft.Common.targets\ImportAfter\*" Condition="'$(ImportByWildcardAfterMicrosoftCommonTargets)' == 'true' and exists('$(MSBuildExtensionsPath)\$(MSBuildToolsVersion)\Microsoft.Common.targets\ImportAfter')"  />	6	1.2%	3	0.6%	1	Element	
284517947	284494094	Properties (pass 1)	Microsoft.Common.CurrentVersion.targets			53	11.4%	2	0.5%	1	Element	
305031167	304093346	Properties (pass 1)	Microsoft.NET.Sdk.targets	29	<Import Project="$(MSBuildThisFileDirectory)Microsoft.PackageDependencyResolution.targets" Condition="Exists('$(MSBuildThisFileDirectory)Microsoft.PackageDependencyResolution.targets') and '$(Language)' != 'C++'"  />	4	0.8%	2	0.5%	1	Element	
274540812	274423667	Properties (pass 1)	Microsoft.NET.Sdk.DefaultItems.props	18	<Import Project="$(NETCoreSdkBundledVersionsProps)" Condition="Exists('$(NETCoreSdkBundledVersionsProps)')"  />	3	0.7%	2	0.5%	1	Element	
269851281	269665469	Properties (pass 1)	Sdk.props	40	<Import Project="$(MSBuildExtensionsPath)\$(MSBuildToolsVersion)\Microsoft.Common.props" Condition="'$(AlternateCommonProps)' == ''"  />	29	6.4%	2	0.5%	1	Element	
313661751	269595806	Properties (pass 1)	Sdk.targets	51	<Import Project="$(NuGetBuildTasksPackTargets)" Condition="Exists('$(NuGetBuildTasksPackTargets)') AND '$(ImportNuGetBuildTasksPackTargetsFromSdk)' == 'true'"  />	4	0.8%	2	0.5%	1	Element	
272903057	272762906	Properties (pass 1)	Microsoft.NET.Sdk.props	21	Condition=" '$(Configurations)' == '' ")	2	0.5%	2	0.5%	1	Condition	
278939987	275971994	Properties (pass 1)	Microsoft.NET.Sdk.BeforeCommon.targets	56	<Import Project="$(MSBuildThisFileDirectory)Microsoft.NET.RuntimeIdentifierInference.targets"  />	4	0.8%	2	0.4%	1	Element	
269665469	269642247	Properties (pass 1)	Sdk.props			50	10.8%	2	0.4%	1	Element	
310713344	304093346	Properties (pass 1)	Microsoft.NET.Sdk.targets	896	<Import Project="$(MSBuildThisFileDirectory)Microsoft.NET.ComposeStore.targets" Condition="'$(UsingNETSdkDefaults)' == 'true'"  />	2	0.4%	2	0.4%	1	Element	
320840331	315417386	Items (pass 3)	Microsoft.NET.Sdk.DefaultItems.targets	92	<PackageReference Update="Microsoft.AspNetCore.App" ><PrivateAssets Condition="'%(PackageReference.Version)' == ''">all</PrivateAssets><Publish Condition="'%(PackageReference.Version)' == ''">true</Publish></PackageReference>	2	0.4%	2	0.4%	1	Element	
16666646	269595806	Properties (pass 1)	AJSuperMarketConAppXUnitTest.csproj			129	27.8%	2	0.4%	0	Element	
271689611	269851281	Properties (pass 1)	Microsoft.Common.props	130	Condition="'$(CustomBeforeMicrosoftCommonProps)' != '' and Exists('$(CustomBeforeMicrosoftCommonProps)') and ('$(MSBuildAssemblyVersion)' != '' or !Exists('$(MSBuildExtensionsPath)\4.0\Microsoft.Common.props'))")	2	0.4%	2	0.4%	1	Condition	
282541551	282018842	Properties (pass 1)	Microsoft.CSharp.targets	161	<Import Project="$(CSharpTargetsPath)"  />	90	19.6%	2	0.4%	1	Element	
306069386	304093346	Properties (pass 1)	Microsoft.NET.Sdk.targets	33	<Import Project="Microsoft.NET.Sdk.DefaultItems.targets"  />	3	0.5%	2	0.4%	1	Element	
303353981	282018842	Properties (pass 1)	Microsoft.CSharp.targets	163	<Import Project="$(MSBuildToolsPath)\Microsoft.Managed.After.targets"  />	2	0.5%	2	0.4%	1	Element	
325109967	322438137	Lazy items (pass 3.1)	Microsoft.Managed.Core.targets	63	<PotentialEditorConfigFiles Include="@(_AllDirectoriesAbove-&gt;'%(FullPath)'-&gt;Distinct()-&gt;Combine('.editorconfig'))" Condition="'$(DiscoverEditorConfigFiles)' != 'false'"  />	2	0.4%	2	0.4%	1	Element	
309816602	304093346	Properties (pass 1)	Microsoft.NET.Sdk.targets	894	<Import Project="$(MSBuildThisFileDirectory)Microsoft.NET.GenerateAssemblyInfo.targets" Condition="'$(UsingNETSdkDefaults)' == 'true'"  />	2	0.5%	2	0.4%	1	Element	
282018842	269595806	Properties (pass 1)	Sdk.targets	37	<Import Project="$(LanguageTargets)"  />	96	20.8%	2	0.4%	1	Element	
323429244	322438137	Lazy items (pass 3.1)	Microsoft.NET.Sdk.DefaultItems.props	38	<None Remove="**/*$(DefaultLanguageSourceExtension)"  />	2	0.4%	2	0.4%	1	Element	
313136016	313085969	Properties (pass 1)	Microsoft.NET.ILLink.targets	14	<Import Project="Sdk.props" Sdk="ILLink.Tasks"  />	2	0.4%	2	0.3%	1	Element	
311686277	304093346	Properties (pass 1)	Microsoft.NET.Sdk.targets	901	<Import Project="$(MSBuildThisFileDirectory)Microsoft.NET.PackTool.targets"  />	3	0.6%	2	0.3%	1	Element	
277996047	275971994	Properties (pass 1)	Microsoft.NET.Sdk.BeforeCommon.targets	45	<Import Project="$(MSBuildThisFileDirectory)Microsoft.NET.TargetFrameworkInference.targets"  />	5	1.2%	1	0.3%	1	Element	
32831021	322438137	Lazy items (pass 3.1)	Microsoft.NET.Sdk.DefaultItems.props	33	Glob="root: '$D:\RK\github\raj-aspire\AJSuperMarketConApp\AJSuperMarketConAppXUnitTest', pattern: '$**/*.cs', excludes: '$obj\/**;**/*.user;**/.*/**;bin\Debug\/**;**/*.*proj;**/*.sln;obj\Debug\/**;**/*.vssscc;bin\/**'")	1	0.3%	1	0.3%	0	Glob	
274423667	272762906	Properties (pass 1)	Microsoft.NET.Sdk.props	114	<Import Project="Microsoft.NET.Sdk.DefaultItems.props"  />	5	1.1%	1	0.3%	1	Element	
275103456	272762906	Properties (pass 1)	Microsoft.NET.Sdk.props	117	<Import Project="Microsoft.NET.SupportedTargetFrameworks.props"  />	1	0.3%	1	0.3%	1	Element	
310788131	304093346	Properties (pass 1)	Microsoft.NET.Sdk.targets	897	<Import Project="$(MSBuildThisFileDirectory)Microsoft.NET.CrossGen.targets"  />	1	0.3%	1	0.3%	1	Element	
272762906	269665469	Properties (pass 1)	Sdk.props	41	<Import Project="$(MSBuildThisFileDirectory)..\targets\Microsoft.NET.Sdk.props"  />	15	3.1%	1	0.3%	1	Element	
283826616	283755147	Properties (pass 1)	Microsoft.Managed.Core.targets			1	0.3%	1	0.3%	1	Element	
275971994	269595806	Properties (pass 1)	Sdk.targets	21	<Import Project="$(MSBuildThisFileDirectory)..\targets\Microsoft.NET.Sdk.BeforeCommon.targets" Condition="'$(IsCrossTargetingBuild)' != 'true'"  />	23	4.9%	1	0.3%	1	Element	
321043007	315417386	Items (pass 3)	Microsoft.NET.Sdk.DefaultItems.targets	198	<Compile Update="@(Compile)" ><!----><LinkBase Condition="'%(LinkBase)' != ''">$([MSBuild]::EnsureTrailingSlash(%(LinkBase)))</LinkBase><!----><Link Condition="'%(Link)' == '' And '%(DefiningProjectExtension)' != '.projitems' And !$([MSBuild]::ValueOrDefault('%(FullPath)', '').StartsWith($([MSBuild]::EnsureTrailingSlash($(MSBuildProjectDirectory)))))">%(LinkBase)%(RecursiveDir)%(Filename)%(Extension)</Link></Compile>	1	0.3%	1	0.3%	1	Element	
323505546	322438137	Lazy items (pass 3.1)	Microsoft.NET.Sdk.DefaultItems.props	68	<PackageReference Update="Microsoft.NETCore.App" Condition="('$(_TargetFrameworkVersionWithoutV)' != '') And ('$(_TargetFrameworkVersionWithoutV)' &gt;= '2.0') And ('$(PackageType)' != 'DotnetCliTool')" PrivateAssets="All" Publish="true"  />	1	0.3%	1	0.3%	1	Element	
309567737	304093346	Properties (pass 1)	Microsoft.NET.Sdk.targets	893	<Import Project="$(MSBuildThisFileDirectory)Microsoft.NET.DesignerSupport.targets"  />	2	0.4%	1	0.3%	1	Element	
304364672	304093346	Properties (pass 1)	Microsoft.NET.Sdk.targets	26	<Import Project="Microsoft.NET.Sdk.Common.targets"  />	2	0.4%	1	0.3%	1	Element	
313085969	304093346	Properties (pass 1)	Microsoft.NET.Sdk.targets	908	<Import Project="$(MSBuildThisFileDirectory)Microsoft.NET.ILLink.targets"  />	3	0.7%	1	0.3%	1	Element	
324370931	322438137	Lazy items (pass 3.1)	Microsoft.NET.SupportedTargetFrameworks.props	60	<SupportedTargetFramework Include="@(SupportedNETCoreAppTargetFramework);@(SupportedNETStandardTargetFramework);@(SupportedNETFrameworkTargetFramework)" />	1	0.3%	1	0.3%	1	Element	
312285761	304093346	Properties (pass 1)	Microsoft.NET.Sdk.targets	902	<Import Project="$(MSBuildThisFileDirectory)Microsoft.NET.PackProjectTool.targets"  />	1	0.3%	1	0.3%	1	Element	
302025392	301386741	Properties (pass 1)	Microsoft.TestPlatform.ImportAfter.targets	19	<Import Condition="Exists('$(VSTestTargets)')" Project="$(VSTestTargets)"  />	1	0.3%	1	0.2%	1	Element	
323378381	322438137	Lazy items (pass 3.1)	Microsoft.NET.Sdk.DefaultItems.props	37	<None Include="**/*" Exclude="$(DefaultItemExcludes);$(DefaultExcludesInProjectFolder)"  />	5	1.2%	1	0.2%	1	Element	
284136419	282541551	Properties (pass 1)	Microsoft.CSharp.CurrentVersion.targets	333	<Import Project="Microsoft.Common.targets"  />	83	17.9%	1	0.2%	1	Element	
317455022	315417386	Items (pass 3)	Microsoft.NET.SupportedTargetFrameworks.props	60	<SupportedTargetFramework Include="@(SupportedNETCoreAppTargetFramework);@(SupportedNETStandardTargetFramework);@(SupportedNETFrameworkTargetFramework)" />	1	0.2%	1	0.2%	1	Element	
283755147	282541551	Properties (pass 1)	Microsoft.CSharp.CurrentVersion.targets	324	<Import Project="$(CSharpCoreTargetsPath)"  />	4	0.8%	1	0.2%	1	Element	
318665606	315417386	Items (pass 3)	Microsoft.Common.CurrentVersion.targets	371	Condition="'$(OutputType)' != 'winmdobj' and '@(_DebugSymbolsIntermediatePath)' == ''")	1	0.2%	1	0.2%	1	Condition	
302344971	284136419	Properties (pass 1)	Microsoft.Common.targets	127	<Import Project="$(MSBuildProjectExtensionsPath)$(MSBuildProjectFile).*.targets" Condition="'$(ImportProjectExtensionTargets)' == 'true' and exists('$(MSBuildProjectExtensionsPath)')"  />	3	0.7%	1	0.2%	1	Element	
312335744	304093346	Properties (pass 1)	Microsoft.NET.Sdk.targets	903	<Import Project="$(MSBuildThisFileDirectory)Microsoft.NET.PreserveCompilationContext.targets"  />	1	0.3%	1	0.2%	1	Element	
280643111	275971994	Properties (pass 1)	Microsoft.NET.Sdk.BeforeCommon.targets	109	<Import Project="$(MSBuildThisFileDirectory)Microsoft.NET.NuGetOfflineCache.targets"  />	5	1%	1	0.2%	1	Element	
276724266	275971994	Properties (pass 1)	Microsoft.NET.Sdk.BeforeCommon.targets	33	<Import Project="$(MSBuildThisFileDirectory)Microsoft.NET.DefaultOutputPaths.targets" Condition="'$(UsingNETSdkDefaults)' == 'true'"  />	2	0.4%	1	0.2%	1	Element	
315241602	315141176	Item definition groups (pass 2)	Microsoft.Common.CurrentVersion.targets	1768	<ProjectReference ><!----><Targets>$(ProjectReferenceBuildTargets)</Targets><!----><OutputItemType /><ReferenceSourceTarget>ProjectReference</ReferenceSourceTarget></ProjectReference>	1	0.2%	1	0.2%	1	Element	
272342669	269851281	Properties (pass 1)	Microsoft.Common.props	176	<Import Condition="Exists('$(NuGetPropsFile)')" Project="$(NuGetPropsFile)"  />	2	0.4%	1	0.2%	1	Element	
309368717	304093346	Properties (pass 1)	Microsoft.NET.Sdk.targets	892	<Import Project="$(MSBuildThisFileDirectory)Microsoft.NET.DisableStandardFrameworkResolution.targets" Condition="'$(DisableStandardFrameworkResolution)' == 'true'"  />	1	0.2%	1	0.2%	1	Element	
