<?xml version="1.0" encoding="utf-8"?>
<TestRun id="95244e96-9d1f-4022-892a-83f9a23c6646" name="rajkumar.joseph@ASPLAPNAV68 2020-07-09 17:29:55" runUser="ASPIRESYS\rajkumar.joseph" xmlns="http://microsoft.com/schemas/VisualStudio/TeamTest/2010">
  <Times creation="2020-07-09T17:29:55.0725092+05:30" queuing="2020-07-09T17:29:55.0725095+05:30" start="2020-07-09T17:29:53.7784317+05:30" finish="2020-07-09T17:29:55.0857234+05:30" />
  <TestSettings name="default" id="a005e448-3ecb-4a12-b8b0-fb624c4e8bc9">
    <Deployment runDeploymentRoot="rajkumar.joseph_ASPLAPNAV68_2020-07-09_17_29_55" />
  </TestSettings>
  <Results>
    <UnitTestResult executionId="0f1d3125-5ae2-4b72-8042-f48f88cd5566" testId="f8eec001-c3da-eb73-8b8f-029375b744c0" testName="AJSuperMarketConAppXUnitTest.AJSuperMarketUnitTest.Process_ListProduct_True" computerName="ASPLAPNAV68" duration="00:00:00.0070745" startTime="2020-07-09T17:29:54.9183298+05:30" endTime="2020-07-09T17:29:54.9184613+05:30" testType="13cdc9d9-ddb5-4fa4-a97d-d965ccfc6d4b" outcome="Passed" testListId="8c84fa94-04c1-424b-9868-57a2d4851a1d" relativeResultsDirectory="0f1d3125-5ae2-4b72-8042-f48f88cd5566" />
    <UnitTestResult executionId="29863e75-0647-46f8-9e0d-9e70a1128ebb" testId="e1bc57b3-04b3-fc4f-bdcb-64e07be236a2" testName="AJSuperMarketConAppXUnitTest.AJSuperMarketUnitTest.Process_DeleteProduct_True" computerName="ASPLAPNAV68" duration="00:00:00.0007978" startTime="2020-07-09T17:29:54.9250108+05:30" endTime="2020-07-09T17:29:54.9250108+05:30" testType="13cdc9d9-ddb5-4fa4-a97d-d965ccfc6d4b" outcome="Passed" testListId="8c84fa94-04c1-424b-9868-57a2d4851a1d" relativeResultsDirectory="29863e75-0647-46f8-9e0d-9e70a1128ebb" />
    <UnitTestResult executionId="b660d655-1a38-4702-b7ff-952c0e5b0a01" testId="ed2b65e9-36c4-1e4a-31d5-3bff9e747eab" testName="AJSuperMarketConAppXUnitTest.AJSuperMarketUnitTest.Process_ListProduct_False" computerName="ASPLAPNAV68" duration="00:00:00.0006437" startTime="2020-07-09T17:29:54.9247182+05:30" endTime="2020-07-09T17:29:54.9247196+05:30" testType="13cdc9d9-ddb5-4fa4-a97d-d965ccfc6d4b" outcome="Passed" testListId="8c84fa94-04c1-424b-9868-57a2d4851a1d" relativeResultsDirectory="b660d655-1a38-4702-b7ff-952c0e5b0a01" />
    <UnitTestResult executionId="e7827fa6-cd54-41dd-8b21-2f60a4f71ad7" testId="7f948eda-dc1f-61bd-7549-faf2e6b1e00d" testName="AJSuperMarketConAppXUnitTest.AJSuperMarketUnitTest.Process_UpdateProduct_True" computerName="ASPLAPNAV68" duration="00:00:00.0007023" startTime="2020-07-09T17:29:54.9249650+05:30" endTime="2020-07-09T17:29:54.9249654+05:30" testType="13cdc9d9-ddb5-4fa4-a97d-d965ccfc6d4b" outcome="Passed" testListId="8c84fa94-04c1-424b-9868-57a2d4851a1d" relativeResultsDirectory="e7827fa6-cd54-41dd-8b21-2f60a4f71ad7" />
    <UnitTestResult executionId="db07c708-a93f-4bc9-b773-97800efa1b69" testId="4c7920a2-1346-67b5-8d96-8d88ae2dd532" testName="AJSuperMarketConAppXUnitTest.AJSuperMarketUnitTest.Process_CreateProduct_True" computerName="ASPLAPNAV68" duration="00:00:00.0002128" startTime="2020-07-09T17:29:54.9249139+05:30" endTime="2020-07-09T17:29:54.9249142+05:30" testType="13cdc9d9-ddb5-4fa4-a97d-d965ccfc6d4b" outcome="Passed" testListId="8c84fa94-04c1-424b-9868-57a2d4851a1d" relativeResultsDirectory="db07c708-a93f-4bc9-b773-97800efa1b69" />
    <UnitTestResult executionId="a8b380ee-9bb9-4053-a077-80774f29beed" testId="57f7124d-806f-a58e-46da-00967bcba312" testName="AJSuperMarketConAppXUnitTest.AJSuperMarketUnitTest.Process_GetProduct_True" computerName="ASPLAPNAV68" duration="00:00:00.0018229" startTime="2020-07-09T17:29:54.9248539+05:30" endTime="2020-07-09T17:29:54.9248543+05:30" testType="13cdc9d9-ddb5-4fa4-a97d-d965ccfc6d4b" outcome="Passed" testListId="8c84fa94-04c1-424b-9868-57a2d4851a1d" relativeResultsDirectory="a8b380ee-9bb9-4053-a077-80774f29beed" />
  </Results>
  <TestDefinitions>
    <UnitTest name="AJSuperMarketConAppXUnitTest.AJSuperMarketUnitTest.Process_UpdateProduct_True" storage="d:\rk\github\raj-aspire\ajsupermarketconapp\ajsupermarketconappxunittest\bin\debug\netcoreapp3.1\ajsupermarketconappxunittest.dll" id="7f948eda-dc1f-61bd-7549-faf2e6b1e00d">
      <Execution id="e7827fa6-cd54-41dd-8b21-2f60a4f71ad7" />
      <TestMethod codeBase="D:\RK\github\raj-aspire\AJSuperMarketConApp\AJSuperMarketConAppXUnitTest\bin\Debug\netcoreapp3.1\AJSuperMarketConAppXUnitTest.dll" adapterTypeName="executor://xunit/VsTestRunner2/netcoreapp" className="AJSuperMarketConAppXUnitTest.AJSuperMarketUnitTest" name="Process_UpdateProduct_True" />
    </UnitTest>
    <UnitTest name="AJSuperMarketConAppXUnitTest.AJSuperMarketUnitTest.Process_ListProduct_False" storage="d:\rk\github\raj-aspire\ajsupermarketconapp\ajsupermarketconappxunittest\bin\debug\netcoreapp3.1\ajsupermarketconappxunittest.dll" id="ed2b65e9-36c4-1e4a-31d5-3bff9e747eab">
      <Execution id="b660d655-1a38-4702-b7ff-952c0e5b0a01" />
      <TestMethod codeBase="D:\RK\github\raj-aspire\AJSuperMarketConApp\AJSuperMarketConAppXUnitTest\bin\Debug\netcoreapp3.1\AJSuperMarketConAppXUnitTest.dll" adapterTypeName="executor://xunit/VsTestRunner2/netcoreapp" className="AJSuperMarketConAppXUnitTest.AJSuperMarketUnitTest" name="Process_ListProduct_False" />
    </UnitTest>
    <UnitTest name="AJSuperMarketConAppXUnitTest.AJSuperMarketUnitTest.Process_DeleteProduct_True" storage="d:\rk\github\raj-aspire\ajsupermarketconapp\ajsupermarketconappxunittest\bin\debug\netcoreapp3.1\ajsupermarketconappxunittest.dll" id="e1bc57b3-04b3-fc4f-bdcb-64e07be236a2">
      <Execution id="29863e75-0647-46f8-9e0d-9e70a1128ebb" />
      <TestMethod codeBase="D:\RK\github\raj-aspire\AJSuperMarketConApp\AJSuperMarketConAppXUnitTest\bin\Debug\netcoreapp3.1\AJSuperMarketConAppXUnitTest.dll" adapterTypeName="executor://xunit/VsTestRunner2/netcoreapp" className="AJSuperMarketConAppXUnitTest.AJSuperMarketUnitTest" name="Process_DeleteProduct_True" />
    </UnitTest>
    <UnitTest name="AJSuperMarketConAppXUnitTest.AJSuperMarketUnitTest.Process_ListProduct_True" storage="d:\rk\github\raj-aspire\ajsupermarketconapp\ajsupermarketconappxunittest\bin\debug\netcoreapp3.1\ajsupermarketconappxunittest.dll" id="f8eec001-c3da-eb73-8b8f-029375b744c0">
      <Execution id="0f1d3125-5ae2-4b72-8042-f48f88cd5566" />
      <TestMethod codeBase="D:\RK\github\raj-aspire\AJSuperMarketConApp\AJSuperMarketConAppXUnitTest\bin\Debug\netcoreapp3.1\AJSuperMarketConAppXUnitTest.dll" adapterTypeName="executor://xunit/VsTestRunner2/netcoreapp" className="AJSuperMarketConAppXUnitTest.AJSuperMarketUnitTest" name="Process_ListProduct_True" />
    </UnitTest>
    <UnitTest name="AJSuperMarketConAppXUnitTest.AJSuperMarketUnitTest.Process_GetProduct_True" storage="d:\rk\github\raj-aspire\ajsupermarketconapp\ajsupermarketconappxunittest\bin\debug\netcoreapp3.1\ajsupermarketconappxunittest.dll" id="57f7124d-806f-a58e-46da-00967bcba312">
      <Execution id="a8b380ee-9bb9-4053-a077-80774f29beed" />
      <TestMethod codeBase="D:\RK\github\raj-aspire\AJSuperMarketConApp\AJSuperMarketConAppXUnitTest\bin\Debug\netcoreapp3.1\AJSuperMarketConAppXUnitTest.dll" adapterTypeName="executor://xunit/VsTestRunner2/netcoreapp" className="AJSuperMarketConAppXUnitTest.AJSuperMarketUnitTest" name="Process_GetProduct_True" />
    </UnitTest>
    <UnitTest name="AJSuperMarketConAppXUnitTest.AJSuperMarketUnitTest.Process_CreateProduct_True" storage="d:\rk\github\raj-aspire\ajsupermarketconapp\ajsupermarketconappxunittest\bin\debug\netcoreapp3.1\ajsupermarketconappxunittest.dll" id="4c7920a2-1346-67b5-8d96-8d88ae2dd532">
      <Execution id="db07c708-a93f-4bc9-b773-97800efa1b69" />
      <TestMethod codeBase="D:\RK\github\raj-aspire\AJSuperMarketConApp\AJSuperMarketConAppXUnitTest\bin\Debug\netcoreapp3.1\AJSuperMarketConAppXUnitTest.dll" adapterTypeName="executor://xunit/VsTestRunner2/netcoreapp" className="AJSuperMarketConAppXUnitTest.AJSuperMarketUnitTest" name="Process_CreateProduct_True" />
    </UnitTest>
  </TestDefinitions>
  <TestEntries>
    <TestEntry testId="f8eec001-c3da-eb73-8b8f-029375b744c0" executionId="0f1d3125-5ae2-4b72-8042-f48f88cd5566" testListId="8c84fa94-04c1-424b-9868-57a2d4851a1d" />
    <TestEntry testId="e1bc57b3-04b3-fc4f-bdcb-64e07be236a2" executionId="29863e75-0647-46f8-9e0d-9e70a1128ebb" testListId="8c84fa94-04c1-424b-9868-57a2d4851a1d" />
    <TestEntry testId="ed2b65e9-36c4-1e4a-31d5-3bff9e747eab" executionId="b660d655-1a38-4702-b7ff-952c0e5b0a01" testListId="8c84fa94-04c1-424b-9868-57a2d4851a1d" />
    <TestEntry testId="7f948eda-dc1f-61bd-7549-faf2e6b1e00d" executionId="e7827fa6-cd54-41dd-8b21-2f60a4f71ad7" testListId="8c84fa94-04c1-424b-9868-57a2d4851a1d" />
    <TestEntry testId="4c7920a2-1346-67b5-8d96-8d88ae2dd532" executionId="db07c708-a93f-4bc9-b773-97800efa1b69" testListId="8c84fa94-04c1-424b-9868-57a2d4851a1d" />
    <TestEntry testId="57f7124d-806f-a58e-46da-00967bcba312" executionId="a8b380ee-9bb9-4053-a077-80774f29beed" testListId="8c84fa94-04c1-424b-9868-57a2d4851a1d" />
  </TestEntries>
  <TestLists>
    <TestList name="Results Not in a List" id="8c84fa94-04c1-424b-9868-57a2d4851a1d" />
    <TestList name="All Loaded Results" id="19431567-8539-422a-85d7-44ee4e166bda" />
  </TestLists>
  <ResultSummary outcome="Completed">
    <Counters total="6" executed="6" passed="6" failed="0" error="0" timeout="0" aborted="0" inconclusive="0" passedButRunAborted="0" notRunnable="0" notExecuted="0" disconnected="0" warning="0" completed="0" inProgress="0" pending="0" />
    <Output>
      <StdOut>[xUnit.net 00:00:00.00] xUnit.net VSTest Adapter v2.4.0 (64-bit .NET Core 3.1.5)&#xD;
[xUnit.net 00:00:00.40]   Discovering: AJSuperMarketConAppXUnitTest&#xD;
[xUnit.net 00:00:00.45]   Discovered:  AJSuperMarketConAppXUnitTest&#xD;
[xUnit.net 00:00:00.46]   Starting:    AJSuperMarketConAppXUnitTest&#xD;
[xUnit.net 00:00:00.57]   Finished:    AJSuperMarketConAppXUnitTest&#xD;
</StdOut>
    </Output>
  </ResultSummary>
</TestRun>